2026-02-22 17:09:26,438 INFO  [org.jboss.modules] (main) JBoss Modules version 1.11.0.Final
2026-02-22 17:09:26,624 INFO  [org.jboss.msc] (main) JBoss MSC version 1.4.12.Final
2026-02-22 17:09:26,628 INFO  [org.jboss.threads] (main) JBoss Threads version 2.4.0.Final
2026-02-22 17:09:26,669 INFO  [org.jboss.as] (MSC service thread 1-2) WFLYSRV0049: Keycloak 15.1.1 (WildFly Core 15.0.1.Final) starting
2026-02-22 17:09:26,670 DEBUG [org.jboss.as.config] (MSC service thread 1-2) Configured system properties:
	[Standalone] = 
	awt.toolkit = sun.lwawt.macosx.LWCToolkit
	file.encoding = UTF-8
	file.encoding.pkg = sun.io
	file.separator = /
	ftp.nonProxyHosts = local|*.local|169.254/16|*.169.254/16
	gopherProxySet = false
	http.nonProxyHosts = local|*.local|169.254/16|*.169.254/16
	java.awt.graphicsenv = sun.awt.CGraphicsEnvironment
	java.awt.headless = true
	java.awt.printerjob = sun.lwawt.macosx.CPrinterJob
	java.class.path = /Users/user/Desktop/demo/keycloak/keycloak-15.1.1/jboss-modules.jar
	java.class.version = 52.0
	java.endorsed.dirs = /Users/user/.sdkman/candidates/java/8.0.372-zulu/zulu-8.jdk/Contents/Home/jre/lib/endorsed
	java.ext.dirs = /Users/user/Library/Java/Extensions:/Users/user/.sdkman/candidates/java/8.0.372-zulu/zulu-8.jdk/Contents/Home/jre/lib/ext:/Library/Java/Extensions:/Network/Library/Java/Extensions:/System/Library/Java/Extensions:/usr/lib/java
	java.home = /Users/user/.sdkman/candidates/java/8.0.372-zulu/zulu-8.jdk/Contents/Home/jre
	java.io.tmpdir = /var/folders/c3/fkfnnf210r70190tw35h92nr0000gn/T/
	java.library.path = /Users/user/Library/Java/Extensions:/Library/Java/Extensions:/Network/Library/Java/Extensions:/System/Library/Java/Extensions:/usr/lib/java:.
	java.net.preferIPv4Stack = true
	java.runtime.name = OpenJDK Runtime Environment
	java.runtime.version = 1.8.0_372-b07
	java.specification.maintenance.version = 4
	java.specification.name = Java Platform API Specification
	java.specification.vendor = Oracle Corporation
	java.specification.version = 1.8
	java.util.logging.manager = org.jboss.logmanager.LogManager
	java.vendor = Azul Systems, Inc.
	java.vendor.url = http://www.azul.com/
	java.vendor.url.bug = http://www.azul.com/support/
	java.version = 1.8.0_372
	java.vm.info = mixed mode
	java.vm.name = OpenJDK 64-Bit Server VM
	java.vm.specification.name = Java Virtual Machine Specification
	java.vm.specification.vendor = Oracle Corporation
	java.vm.specification.version = 1.8
	java.vm.vendor = Azul Systems, Inc.
	java.vm.version = 25.372-b07
	javax.management.builder.initial = org.jboss.as.jmx.PluggableMBeanServerBuilder
	jboss.home.dir = /Users/user/Desktop/demo/keycloak/keycloak-15.1.1
	jboss.host.name = macbook-pro
	jboss.modules.dir = /Users/user/Desktop/demo/keycloak/keycloak-15.1.1/modules
	jboss.modules.system.pkgs = org.jboss.byteman
	jboss.node.name = macbook-pro
	jboss.qualified.host.name = macbook-pro.local
	jboss.server.base.dir = /Users/user/Desktop/demo/keycloak/keycloak-15.1.1/standalone
	jboss.server.config.dir = /Users/user/Desktop/demo/keycloak/keycloak-15.1.1/standalone/configuration
	jboss.server.data.dir = /Users/user/Desktop/demo/keycloak/keycloak-15.1.1/standalone/data
	jboss.server.deploy.dir = /Users/user/Desktop/demo/keycloak/keycloak-15.1.1/standalone/data/content
	jboss.server.log.dir = /Users/user/Desktop/demo/keycloak/keycloak-15.1.1/standalone/log
	jboss.server.name = macbook-pro
	jboss.server.persist.config = true
	jboss.server.temp.dir = /Users/user/Desktop/demo/keycloak/keycloak-15.1.1/standalone/tmp
	jdk.vendor.version = Zulu 8.70.0.23-CA-macos-aarch64
	line.separator = 

	logging.configuration = file:/Users/user/Desktop/demo/keycloak/keycloak-15.1.1/standalone/configuration/logging.properties
	module.path = /Users/user/Desktop/demo/keycloak/keycloak-15.1.1/modules
	org.jboss.boot.log.file = /Users/user/Desktop/demo/keycloak/keycloak-15.1.1/standalone/log/server.log
	org.jboss.resolver.warning = true
	os.arch = aarch64
	os.name = Mac OS X
	os.version = 15.7.4
	path.separator = :
	socksNonProxyHosts = local|*.local|169.254/16|*.169.254/16
	sun.arch.data.model = 64
	sun.boot.class.path = /Users/user/.sdkman/candidates/java/8.0.372-zulu/zulu-8.jdk/Contents/Home/jre/lib/resources.jar:/Users/user/.sdkman/candidates/java/8.0.372-zulu/zulu-8.jdk/Contents/Home/jre/lib/rt.jar:/Users/user/.sdkman/candidates/java/8.0.372-zulu/zulu-8.jdk/Contents/Home/jre/lib/sunrsasign.jar:/Users/user/.sdkman/candidates/java/8.0.372-zulu/zulu-8.jdk/Contents/Home/jre/lib/jsse.jar:/Users/user/.sdkman/candidates/java/8.0.372-zulu/zulu-8.jdk/Contents/Home/jre/lib/jce.jar:/Users/user/.sdkman/candidates/java/8.0.372-zulu/zulu-8.jdk/Contents/Home/jre/lib/charsets.jar:/Users/user/.sdkman/candidates/java/8.0.372-zulu/zulu-8.jdk/Contents/Home/jre/lib/jfr.jar:/Users/user/.sdkman/candidates/java/8.0.372-zulu/zulu-8.jdk/Contents/Home/jre/lib/cat.jar:/Users/user/.sdkman/candidates/java/8.0.372-zulu/zulu-8.jdk/Contents/Home/jre/classes
	sun.boot.library.path = /Users/user/.sdkman/candidates/java/8.0.372-zulu/zulu-8.jdk/Contents/Home/jre/lib
	sun.cpu.endian = little
	sun.cpu.isalist = 
	sun.io.unicode.encoding = UnicodeBig
	sun.java.command = /Users/user/Desktop/demo/keycloak/keycloak-15.1.1/jboss-modules.jar -mp /Users/user/Desktop/demo/keycloak/keycloak-15.1.1/modules org.jboss.as.standalone -Djboss.home.dir=/Users/user/Desktop/demo/keycloak/keycloak-15.1.1 -Djboss.server.base.dir=/Users/user/Desktop/demo/keycloak/keycloak-15.1.1/standalone
	sun.java.launcher = SUN_STANDARD
	sun.jnu.encoding = UTF-8
	sun.management.compiler = HotSpot 64-Bit Tiered Compilers
	sun.os.patch.level = unknown
	user.country = CN
	user.dir = /Users/user/Desktop/demo/keycloak/keycloak-15.1.1
	user.home = /Users/user
	user.language = zh
	user.name = user
	user.timezone = Asia/Tokyo
2026-02-22 17:09:26,670 DEBUG [org.jboss.as.config] (MSC service thread 1-2) VM Arguments: -D[Standalone] -Xms64m -Xmx512m -XX:MetaspaceSize=96M -XX:MaxMetaspaceSize=256m -Djava.net.preferIPv4Stack=true -Djboss.modules.system.pkgs=org.jboss.byteman -Djava.awt.headless=true -Dorg.jboss.boot.log.file=/Users/user/Desktop/demo/keycloak/keycloak-15.1.1/standalone/log/server.log -Dlogging.configuration=file:/Users/user/Desktop/demo/keycloak/keycloak-15.1.1/standalone/configuration/logging.properties 
2026-02-22 17:09:26,912 INFO  [org.wildfly.security] (ServerService Thread Pool -- 20) ELY00001: WildFly Elytron version 1.15.3.Final
2026-02-22 17:09:27,024 INFO  [org.jboss.as.controller.management-deprecated] (ServerService Thread Pool -- 16) WFLYCTL0033: Extension 'security' is deprecated and may not be supported in future versions
2026-02-22 17:09:27,100 INFO  [org.jboss.as.controller.management-deprecated] (Controller Boot Thread) WFLYCTL0028: Attribute 'security-realm' in the resource at address '/core-service=management/management-interface=http-interface' is deprecated, and may be removed in a future version. See the attribute description in the output of the read-resource-description operation to learn more about the deprecation.
2026-02-22 17:09:27,110 INFO  [org.jboss.as.controller.management-deprecated] (ServerService Thread Pool -- 8) WFLYCTL0028: Attribute 'security-realm' in the resource at address '/subsystem=undertow/server=default-server/https-listener=https' is deprecated, and may be removed in a future version. See the attribute description in the output of the read-resource-description operation to learn more about the deprecation.
2026-02-22 17:09:27,152 INFO  [org.jboss.as.server] (Controller Boot Thread) WFLYSRV0039: Creating http management service using socket-binding (management-http)
2026-02-22 17:09:27,166 INFO  [org.xnio] (MSC service thread 1-3) XNIO version 3.8.4.Final
2026-02-22 17:09:27,170 INFO  [org.xnio.nio] (MSC service thread 1-3) XNIO NIO Implementation Version 3.8.4.Final
2026-02-22 17:09:27,182 WARN  [org.jboss.as.txn] (ServerService Thread Pool -- 51) WFLYTX0013: The node-identifier attribute on the /subsystem=transactions is set to the default value. This is a danger for environments running multiple servers. Please make sure the attribute value is unique.
2026-02-22 17:09:27,184 INFO  [org.jboss.as.clustering.infinispan] (ServerService Thread Pool -- 37) WFLYCLINF0001: Activating Infinispan subsystem.
2026-02-22 17:09:27,186 INFO  [org.jboss.as.jaxrs] (ServerService Thread Pool -- 39) WFLYRS0016: RESTEasy version 3.15.1.Final
2026-02-22 17:09:27,187 INFO  [org.jboss.as.security] (ServerService Thread Pool -- 49) WFLYSEC0002: Activating Security Subsystem
2026-02-22 17:09:27,187 INFO  [org.wildfly.extension.io] (ServerService Thread Pool -- 38) WFLYIO001: Worker 'default' has auto-configured to 24 IO threads with 192 max task threads based on your 12 available processors
2026-02-22 17:09:27,188 INFO  [org.jboss.as.naming] (ServerService Thread Pool -- 46) WFLYNAM0001: Activating Naming Subsystem
2026-02-22 17:09:27,189 INFO  [org.wildfly.extension.health] (ServerService Thread Pool -- 36) WFLYHEALTH0001: Activating Base Health Subsystem
2026-02-22 17:09:27,192 INFO  [org.wildfly.extension.metrics] (ServerService Thread Pool -- 45) WFLYMETRICS0001: Activating Base Metrics Subsystem
2026-02-22 17:09:27,193 INFO  [org.jboss.as.security] (MSC service thread 1-4) WFLYSEC0001: Current PicketBox version=5.0.3.Final-redhat-00007
2026-02-22 17:09:27,201 INFO  [org.jboss.as.connector] (MSC service thread 1-8) WFLYJCA0009: Starting Jakarta Connectors Subsystem (WildFly/IronJacamar 1.4.27.Final)
2026-02-22 17:09:27,203 INFO  [org.wildfly.extension.undertow] (MSC service thread 1-2) WFLYUT0003: Undertow 2.2.5.Final starting
2026-02-22 17:09:27,212 INFO  [org.jboss.as.connector.subsystems.datasources] (ServerService Thread Pool -- 31) WFLYJCA0004: Deploying JDBC-compliant driver class org.h2.Driver (version 1.4)
2026-02-22 17:09:27,252 INFO  [org.jboss.as.connector.deployers.jdbc] (MSC service thread 1-8) WFLYJCA0018: Started Driver service with driver-name = h2
2026-02-22 17:09:27,256 INFO  [org.jboss.as.naming] (MSC service thread 1-8) WFLYNAM0003: Starting Naming Service
2026-02-22 17:09:27,257 INFO  [org.jboss.as.mail.extension] (MSC service thread 1-1) WFLYMAIL0001: Bound mail session [java:jboss/mail/Default]
2026-02-22 17:09:27,260 WARN  [org.wildfly.clustering.web.undertow] (ServerService Thread Pool -- 52) WFLYCLWEBUT0007: No routing provider found for default-server; using legacy provider based on static configuration
2026-02-22 17:09:27,270 INFO  [org.jboss.remoting] (MSC service thread 1-6) JBoss Remoting version 5.0.20.Final
2026-02-22 17:09:27,295 WARN  [org.wildfly.extension.elytron] (MSC service thread 1-1) WFLYELY00023: KeyStore file '/Users/user/Desktop/demo/keycloak/keycloak-15.1.1/standalone/configuration/application.keystore' does not exist. Used blank.
2026-02-22 17:09:27,312 INFO  [org.wildfly.extension.undertow] (ServerService Thread Pool -- 52) WFLYUT0014: Creating file handler for path '/Users/user/Desktop/demo/keycloak/keycloak-15.1.1/welcome-content' with options [directory-listing: 'false', follow-symlink: 'false', case-sensitive: 'true', safe-symlink-paths: '[]']
2026-02-22 17:09:27,319 WARN  [org.wildfly.extension.elytron] (MSC service thread 1-3) WFLYELY01084: KeyStore /Users/user/Desktop/demo/keycloak/keycloak-15.1.1/standalone/configuration/application.keystore not found, it will be auto generated on first use with a self-signed certificate for host localhost
2026-02-22 17:09:27,330 INFO  [org.jboss.as.ejb3] (MSC service thread 1-2) WFLYEJB0481: Strict pool slsb-strict-max-pool is using a max instance size of 192 (per class), which is derived from thread worker pool sizing.
2026-02-22 17:09:27,330 INFO  [org.jboss.as.ejb3] (MSC service thread 1-5) WFLYEJB0482: Strict pool mdb-strict-max-pool is using a max instance size of 48 (per class), which is derived from the number of CPUs on this host.
2026-02-22 17:09:27,333 INFO  [org.wildfly.extension.undertow] (MSC service thread 1-2) WFLYUT0012: Started server default-server.
2026-02-22 17:09:27,336 INFO  [org.wildfly.extension.undertow] (MSC service thread 1-2) Queuing requests.
2026-02-22 17:09:27,337 INFO  [org.wildfly.extension.undertow] (MSC service thread 1-2) WFLYUT0018: Host default-host starting
2026-02-22 17:09:27,379 INFO  [org.wildfly.extension.undertow] (MSC service thread 1-3) WFLYUT0006: Undertow HTTP listener default listening on 127.0.0.1:8080
2026-02-22 17:09:27,399 INFO  [org.jboss.as.ejb3] (MSC service thread 1-1) WFLYEJB0493: Jakarta Enterprise Beans subsystem suspension complete
2026-02-22 17:09:27,406 INFO  [org.jboss.as.patching] (MSC service thread 1-8) WFLYPAT0050: Keycloak cumulative patch ID is: base, one-off patches include: none
2026-02-22 17:09:27,412 WARN  [org.jboss.as.domain.management.security] (MSC service thread 1-2) WFLYDM0111: Keystore /Users/user/Desktop/demo/keycloak/keycloak-15.1.1/standalone/configuration/application.keystore not found, it will be auto generated on first use with a self signed certificate for host localhost
2026-02-22 17:09:27,413 INFO  [org.jboss.as.server.deployment.scanner] (MSC service thread 1-6) WFLYDS0013: Started FileSystemDeploymentService for directory /Users/user/Desktop/demo/keycloak/keycloak-15.1.1/standalone/deployments
2026-02-22 17:09:27,419 INFO  [org.jboss.as.server.deployment] (MSC service thread 1-1) WFLYSRV0027: Starting deployment of "keycloak-server.war" (runtime-name: "keycloak-server.war")
2026-02-22 17:09:27,429 INFO  [org.wildfly.extension.undertow] (MSC service thread 1-3) WFLYUT0006: Undertow HTTPS listener https listening on 127.0.0.1:8443
2026-02-22 17:09:27,432 INFO  [org.jboss.as.connector.subsystems.datasources] (MSC service thread 1-1) WFLYJCA0001: Bound data source [java:jboss/datasources/ExampleDS]
2026-02-22 17:09:27,432 INFO  [org.jboss.as.connector.subsystems.datasources] (MSC service thread 1-7) WFLYJCA0001: Bound data source [java:jboss/datasources/KeycloakDS]
2026-02-22 17:09:27,712 INFO  [org.infinispan.CONTAINER] (ServerService Thread Pool -- 54) ISPN000128: Infinispan version: Infinispan 'Corona Extra' 11.0.9.Final
2026-02-22 17:09:27,729 INFO  [org.infinispan.CONFIG] (MSC service thread 1-3) ISPN000152: Passivation configured without an eviction policy being selected. Only manually evicted entities will be passivated.
2026-02-22 17:09:27,729 INFO  [org.infinispan.CONFIG] (MSC service thread 1-3) ISPN000152: Passivation configured without an eviction policy being selected. Only manually evicted entities will be passivated.
2026-02-22 17:09:27,763 INFO  [org.infinispan.PERSISTENCE] (ServerService Thread Pool -- 54) ISPN000556: Starting user marshaller 'org.wildfly.clustering.infinispan.spi.marshalling.InfinispanProtoStreamMarshaller'
2026-02-22 17:09:27,763 INFO  [org.infinispan.PERSISTENCE] (ServerService Thread Pool -- 55) ISPN000556: Starting user marshaller 'org.wildfly.clustering.infinispan.marshalling.jboss.JBossMarshaller'
2026-02-22 17:09:27,847 INFO  [org.jboss.as.clustering.infinispan] (ServerService Thread Pool -- 54) WFLYCLINF0002: Started http-remoting-connector cache from ejb container
2026-02-22 17:09:27,858 INFO  [org.jboss.as.clustering.infinispan] (ServerService Thread Pool -- 59) WFLYCLINF0002: Started work cache from keycloak container
2026-02-22 17:09:27,858 INFO  [org.jboss.as.clustering.infinispan] (ServerService Thread Pool -- 66) WFLYCLINF0002: Started offlineSessions cache from keycloak container
2026-02-22 17:09:27,858 INFO  [org.jboss.as.clustering.infinispan] (ServerService Thread Pool -- 55) WFLYCLINF0002: Started actionTokens cache from keycloak container
2026-02-22 17:09:27,858 INFO  [org.jboss.as.clustering.infinispan] (ServerService Thread Pool -- 60) WFLYCLINF0002: Started loginFailures cache from keycloak container
2026-02-22 17:09:27,858 INFO  [org.jboss.as.clustering.infinispan] (ServerService Thread Pool -- 63) WFLYCLINF0002: Started sessions cache from keycloak container
2026-02-22 17:09:27,858 INFO  [org.jboss.as.clustering.infinispan] (ServerService Thread Pool -- 65) WFLYCLINF0002: Started clientSessions cache from keycloak container
2026-02-22 17:09:27,858 INFO  [org.jboss.as.clustering.infinispan] (ServerService Thread Pool -- 56) WFLYCLINF0002: Started offlineClientSessions cache from keycloak container
2026-02-22 17:09:27,858 INFO  [org.jboss.as.clustering.infinispan] (ServerService Thread Pool -- 64) WFLYCLINF0002: Started authenticationSessions cache from keycloak container
2026-02-22 17:09:27,871 INFO  [org.jboss.as.clustering.infinispan] (ServerService Thread Pool -- 57) WFLYCLINF0002: Started keys cache from keycloak container
2026-02-22 17:09:27,871 INFO  [org.jboss.as.clustering.infinispan] (ServerService Thread Pool -- 54) WFLYCLINF0002: Started authorization cache from keycloak container
2026-02-22 17:09:27,871 INFO  [org.jboss.as.clustering.infinispan] (ServerService Thread Pool -- 58) WFLYCLINF0002: Started users cache from keycloak container
2026-02-22 17:09:27,871 INFO  [org.jboss.as.clustering.infinispan] (ServerService Thread Pool -- 62) WFLYCLINF0002: Started realms cache from keycloak container
2026-02-22 17:09:27,906 WARN  [org.jboss.as.server.deployment] (MSC service thread 1-8) WFLYSRV0273: Excluded subsystem webservices via jboss-deployment-structure.xml does not exist.
2026-02-22 17:09:28,226 INFO  [org.keycloak.services] (ServerService Thread Pool -- 57) KC-SERVICES0001: Loading config from standalone.xml or domain.xml
2026-02-22 17:09:28,323 INFO  [org.keycloak.url.DefaultHostnameProviderFactory] (ServerService Thread Pool -- 57) Frontend: <request>, Admin: <frontend>, Backend: <request>
2026-02-22 17:09:28,444 INFO  [org.jboss.as.clustering.infinispan] (ServerService Thread Pool -- 57) WFLYCLINF0002: Started realmRevisions cache from keycloak container
2026-02-22 17:09:28,447 INFO  [org.jboss.as.clustering.infinispan] (ServerService Thread Pool -- 57) WFLYCLINF0002: Started userRevisions cache from keycloak container
2026-02-22 17:09:28,450 INFO  [org.jboss.as.clustering.infinispan] (ServerService Thread Pool -- 57) WFLYCLINF0002: Started authorizationRevisions cache from keycloak container
2026-02-22 17:09:28,451 INFO  [org.keycloak.connections.infinispan.DefaultInfinispanConnectionProviderFactory] (ServerService Thread Pool -- 57) Node name: macbook-pro, Site name: null
2026-02-22 17:09:29,091 INFO  [org.keycloak.connections.jpa.DefaultJpaConnectionProviderFactory] (ServerService Thread Pool -- 57) Database info: {databaseUrl=jdbc:h2:/Users/user/Desktop/demo/keycloak/keycloak-15.1.1/standalone/data/keycloak, databaseUser=SA, databaseProduct=H2 1.4.197 (2018-03-18), databaseDriver=H2 JDBC Driver 1.4.197 (2018-03-18)}
2026-02-22 17:09:29,588 INFO  [org.hibernate.jpa.internal.util.LogHelper] (ServerService Thread Pool -- 57) HHH000204: Processing PersistenceUnitInfo [
	name: keycloak-default
	...]
2026-02-22 17:09:29,614 INFO  [org.hibernate.Version] (ServerService Thread Pool -- 57) HHH000412: Hibernate Core {5.3.20.Final}
2026-02-22 17:09:29,615 INFO  [org.hibernate.cfg.Environment] (ServerService Thread Pool -- 57) HHH000206: hibernate.properties not found
2026-02-22 17:09:29,680 INFO  [org.hibernate.annotations.common.Version] (ServerService Thread Pool -- 57) HCANN000001: Hibernate Commons Annotations {5.0.5.Final}
2026-02-22 17:09:29,753 INFO  [org.hibernate.dialect.Dialect] (ServerService Thread Pool -- 57) HHH000400: Using dialect: org.hibernate.dialect.H2Dialect
2026-02-22 17:09:29,804 INFO  [org.hibernate.envers.boot.internal.EnversServiceImpl] (ServerService Thread Pool -- 57) Envers integration enabled? : true
2026-02-22 17:09:29,966 INFO  [org.hibernate.orm.beans] (ServerService Thread Pool -- 57) HHH10005002: No explicit CDI BeanManager reference was passed to Hibernate, but CDI is available on the Hibernate ClassLoader.
2026-02-22 17:09:30,101 INFO  [org.hibernate.validator.internal.util.Version] (ServerService Thread Pool -- 57) HV000001: Hibernate Validator 6.0.22.Final
2026-02-22 17:09:30,636 INFO  [org.hibernate.hql.internal.QueryTranslatorFactoryInitiator] (ServerService Thread Pool -- 57) HHH000397: Using ASTQueryTranslatorFactory
2026-02-22 17:09:31,130 INFO  [org.jboss.resteasy.resteasy_jaxrs.i18n] (ServerService Thread Pool -- 57) RESTEASY002225: Deploying javax.ws.rs.core.Application: class org.keycloak.services.resources.KeycloakApplication
2026-02-22 17:09:31,131 INFO  [org.jboss.resteasy.resteasy_jaxrs.i18n] (ServerService Thread Pool -- 57) RESTEASY002205: Adding provider class org.keycloak.services.filters.KeycloakSecurityHeadersFilter from Application class org.keycloak.services.resources.KeycloakApplication
2026-02-22 17:09:31,131 INFO  [org.jboss.resteasy.resteasy_jaxrs.i18n] (ServerService Thread Pool -- 57) RESTEASY002205: Adding provider class org.keycloak.services.error.KeycloakErrorHandler from Application class org.keycloak.services.resources.KeycloakApplication
2026-02-22 17:09:31,131 INFO  [org.jboss.resteasy.resteasy_jaxrs.i18n] (ServerService Thread Pool -- 57) RESTEASY002200: Adding class resource org.keycloak.services.resources.ThemeResource from Application class org.keycloak.services.resources.KeycloakApplication
2026-02-22 17:09:31,131 INFO  [org.jboss.resteasy.resteasy_jaxrs.i18n] (ServerService Thread Pool -- 57) RESTEASY002200: Adding class resource org.keycloak.services.resources.JsResource from Application class org.keycloak.services.resources.KeycloakApplication
2026-02-22 17:09:31,131 INFO  [org.jboss.resteasy.resteasy_jaxrs.i18n] (ServerService Thread Pool -- 57) RESTEASY002220: Adding singleton resource org.keycloak.services.resources.admin.AdminRoot from Application class org.keycloak.services.resources.KeycloakApplication
2026-02-22 17:09:31,132 INFO  [org.jboss.resteasy.resteasy_jaxrs.i18n] (ServerService Thread Pool -- 57) RESTEASY002220: Adding singleton resource org.keycloak.services.resources.WelcomeResource from Application class org.keycloak.services.resources.KeycloakApplication
2026-02-22 17:09:31,132 INFO  [org.jboss.resteasy.resteasy_jaxrs.i18n] (ServerService Thread Pool -- 57) RESTEASY002220: Adding singleton resource org.keycloak.services.resources.RealmsResource from Application class org.keycloak.services.resources.KeycloakApplication
2026-02-22 17:09:31,132 INFO  [org.jboss.resteasy.resteasy_jaxrs.i18n] (ServerService Thread Pool -- 57) RESTEASY002220: Adding singleton resource org.keycloak.services.resources.RobotsResource from Application class org.keycloak.services.resources.KeycloakApplication
2026-02-22 17:09:31,132 INFO  [org.jboss.resteasy.resteasy_jaxrs.i18n] (ServerService Thread Pool -- 57) RESTEASY002210: Adding provider singleton org.keycloak.services.util.ObjectMapperResolver from Application class org.keycloak.services.resources.KeycloakApplication
2026-02-22 17:09:31,176 INFO  [org.wildfly.extension.undertow] (ServerService Thread Pool -- 57) WFLYUT0021: Registered web context: '/auth' for server 'default-server'
2026-02-22 17:09:31,209 INFO  [org.jboss.as.server] (ServerService Thread Pool -- 43) WFLYSRV0010: Deployed "keycloak-server.war" (runtime-name : "keycloak-server.war")
2026-02-22 17:09:31,228 INFO  [org.jboss.as.server] (Controller Boot Thread) WFLYSRV0212: Resuming server
2026-02-22 17:09:31,230 INFO  [org.jboss.as] (Controller Boot Thread) WFLYSRV0025: Keycloak 15.1.1 (WildFly Core 15.0.1.Final) started in 4963ms - Started 594 of 872 services (584 services are lazy, passive or on-demand)
2026-02-22 17:09:31,232 INFO  [org.jboss.as] (Controller Boot Thread) WFLYSRV0060: Http management interface listening on http://127.0.0.1:9990/management
2026-02-22 17:09:31,232 INFO  [org.jboss.as] (Controller Boot Thread) WFLYSRV0051: Admin console listening on http://127.0.0.1:9990
2026-02-22 17:15:26,965 WARN  [org.apache.jcp.xml.dsig.internal.dom.DOMReference] (default task-1) The input bytes to the digest operation are null. This may be due to a problem with the Reference URI or its Transforms.
2026-02-22 17:16:17,625 WARN  [org.apache.jcp.xml.dsig.internal.dom.DOMReference] (default task-1) The input bytes to the digest operation are null. This may be due to a problem with the Reference URI or its Transforms.
2026-02-22 17:16:17,632 WARN  [org.apache.jcp.xml.dsig.internal.dom.DOMReference] (default task-1) The input bytes to the digest operation are null. This may be due to a problem with the Reference URI or its Transforms.
2026-02-22 17:16:17,638 WARN  [org.keycloak.saml.common] (default task-1) XML External Entity switches are not supported.  You may get XML injection vulnerabilities.
2026-02-22 17:21:10,086 WARN  [org.apache.jcp.xml.dsig.internal.dom.DOMReference] (default task-1) The input bytes to the digest operation are null. This may be due to a problem with the Reference URI or its Transforms.
2026-02-22 17:21:24,556 WARN  [org.apache.jcp.xml.dsig.internal.dom.DOMReference] (default task-6) The input bytes to the digest operation are null. This may be due to a problem with the Reference URI or its Transforms.
2026-02-22 17:21:24,559 WARN  [org.apache.jcp.xml.dsig.internal.dom.DOMReference] (default task-6) The input bytes to the digest operation are null. This may be due to a problem with the Reference URI or its Transforms.
2026-02-22 17:22:06,647 WARN  [org.apache.jcp.xml.dsig.internal.dom.DOMReference] (default task-6) The input bytes to the digest operation are null. This may be due to a problem with the Reference URI or its Transforms.
